app/build/intermediates/manifest_merge_blame_file/debug/processDebugMainManifest/manifest-merger-blame-debug-report.txt
1<?xml version="1.0" encoding="utf-8"?>
2<manifest xmlns:android="http://schemas.android.com/apk/res/android"
3    package="com.mobdeve.s15.reyes.janicamegan.clospace"
4    android:versionCode="1"
5    android:versionName="1.0" >
6
7    <uses-sdk
7-->INJECTED
8        android:minSdkVersion="24"
8-->INJECTED
9        android:targetSdkVersion="37" />
9-->INJECTED
10
11    <uses-permission android:name="android.permission.INTERNET" />
11-->src\main\AndroidManifest.xml:5:5-67
11-->src\main\AndroidManifest.xml:5:22-64
12
13    <!-- For allowlist service -->
14    <uses-permission android:name="android.permission.ACCESS_NETWORK_STATE" />
14-->[com.google.mlkit:vision-internal-vkp:18.2.3] AndroidManifest.xml:7:5-79
14-->[com.google.mlkit:vision-internal-vkp:18.2.3] AndroidManifest.xml:7:22-76
15
16    <permission
16-->[androidx.core:core:1.19.0] AndroidManifest.xml:22:5-24:47
17        android:name="com.mobdeve.s15.reyes.janicamegan.clospace.DYNAMIC_RECEIVER_NOT_EXPORTED_PERMISSION"
17-->[androidx.core:core:1.19.0] AndroidManifest.xml:23:9-81
18        android:protectionLevel="signature" />
18-->[androidx.core:core:1.19.0] AndroidManifest.xml:24:9-44
19
20    <uses-permission android:name="com.mobdeve.s15.reyes.janicamegan.clospace.DYNAMIC_RECEIVER_NOT_EXPORTED_PERMISSION" />
20-->[androidx.core:core:1.19.0] AndroidManifest.xml:26:5-97
20-->[androidx.core:core:1.19.0] AndroidManifest.xml:26:22-94
21
22    <application
22-->src\main\AndroidManifest.xml:7:5-97:19
23        android:allowBackup="true"
23-->src\main\AndroidManifest.xml:8:9-35
24        android:appComponentFactory="androidx.core.app.CoreComponentFactory"
24-->[androidx.core:core:1.19.0] AndroidManifest.xml:28:18-86
25        android:dataExtractionRules="@xml/data_extraction_rules"
25-->src\main\AndroidManifest.xml:9:9-65
26        android:debuggable="true"
27        android:extractNativeLibs="false"
27-->INJECTED
28        android:fullBackupContent="@xml/backup_rules"
28-->src\main\AndroidManifest.xml:10:9-54
29        android:icon="@mipmap/ic_launcher"
29-->src\main\AndroidManifest.xml:11:9-43
30        android:label="@string/app_name"
30-->src\main\AndroidManifest.xml:12:9-41
31        android:roundIcon="@mipmap/ic_launcher_round"
31-->src\main\AndroidManifest.xml:13:9-54
32        android:supportsRtl="true"
32-->src\main\AndroidManifest.xml:14:9-35
33        android:testOnly="true"
34        android:theme="@style/Theme.Clospace" >
34-->src\main\AndroidManifest.xml:15:9-46
35        <meta-data
35-->src\main\AndroidManifest.xml:18:9-20:47
36            android:name="com.google.mlkit.vision.DEPENDENCIES"
36-->src\main\AndroidManifest.xml:19:13-64
37            android:value="subject_segment" />
37-->src\main\AndroidManifest.xml:20:13-44
38
39        <!-- Splash -->
40        <activity
40-->src\main\AndroidManifest.xml:23:9-32:20
41            android:name="com.mobdeve.s15.reyes.janicamegan.clospace.SplashActivity"
41-->src\main\AndroidManifest.xml:24:13-43
42            android:exported="true" >
42-->src\main\AndroidManifest.xml:25:13-36
43            <intent-filter>
43-->src\main\AndroidManifest.xml:27:13-30:29
44                <action android:name="android.intent.action.MAIN" />
44-->src\main\AndroidManifest.xml:28:17-69
44-->src\main\AndroidManifest.xml:28:25-66
45
46                <category android:name="android.intent.category.LAUNCHER" />
46-->src\main\AndroidManifest.xml:29:17-77
46-->src\main\AndroidManifest.xml:29:27-74
47            </intent-filter>
48        </activity>
49
50        <!-- Authentication -->
51        <activity
51-->src\main\AndroidManifest.xml:35:9-37:40
52            android:name="com.mobdeve.s15.reyes.janicamegan.clospace.LoginActivity"
52-->src\main\AndroidManifest.xml:36:13-42
53            android:exported="false" />
53-->src\main\AndroidManifest.xml:37:13-37
54        <activity
54-->src\main\AndroidManifest.xml:39:9-41:40
55            android:name="com.mobdeve.s15.reyes.janicamegan.clospace.SignUpActivity"
55-->src\main\AndroidManifest.xml:40:13-43
56            android:exported="false" />
56-->src\main\AndroidManifest.xml:41:13-37
57
58        <!-- Main -->
59        <activity
59-->src\main\AndroidManifest.xml:44:9-46:40
60            android:name="com.mobdeve.s15.reyes.janicamegan.clospace.MainActivity"
60-->src\main\AndroidManifest.xml:45:13-41
61            android:exported="false" />
61-->src\main\AndroidManifest.xml:46:13-37
62
63        <!-- Outfits -->
64        <activity
64-->src\main\AndroidManifest.xml:49:9-52:58
65            android:name="com.mobdeve.s15.reyes.janicamegan.clospace.SelectGarmentsActivity"
65-->src\main\AndroidManifest.xml:50:13-51
66            android:exported="false"
66-->src\main\AndroidManifest.xml:51:13-37
67            android:parentActivityName="com.mobdeve.s15.reyes.janicamegan.clospace.MainActivity" />
67-->src\main\AndroidManifest.xml:52:13-55
68        <activity
68-->src\main\AndroidManifest.xml:54:9-57:68
69            android:name="com.mobdeve.s15.reyes.janicamegan.clospace.OutfitCanvasActivity"
69-->src\main\AndroidManifest.xml:55:13-49
70            android:exported="false"
70-->src\main\AndroidManifest.xml:56:13-37
71            android:parentActivityName="com.mobdeve.s15.reyes.janicamegan.clospace.SelectGarmentsActivity" />
71-->src\main\AndroidManifest.xml:57:13-65
72        <activity
72-->src\main\AndroidManifest.xml:59:9-62:66
73            android:name="com.mobdeve.s15.reyes.janicamegan.clospace.OutfitDetailsActivity"
73-->src\main\AndroidManifest.xml:60:13-50
74            android:exported="false"
74-->src\main\AndroidManifest.xml:61:13-37
75            android:parentActivityName="com.mobdeve.s15.reyes.janicamegan.clospace.OutfitCanvasActivity" />
75-->src\main\AndroidManifest.xml:62:13-63
76        <activity
76-->src\main\AndroidManifest.xml:64:9-67:58
77            android:name="com.mobdeve.s15.reyes.janicamegan.clospace.OutfitDetailActivity"
77-->src\main\AndroidManifest.xml:65:13-49
78            android:exported="false"
78-->src\main\AndroidManifest.xml:66:13-37
79            android:parentActivityName="com.mobdeve.s15.reyes.janicamegan.clospace.MainActivity" />
79-->src\main\AndroidManifest.xml:67:13-55
80        <activity
80-->src\main\AndroidManifest.xml:69:9-72:58
81            android:name="com.mobdeve.s15.reyes.janicamegan.clospace.GarmentDetailActivity"
81-->src\main\AndroidManifest.xml:70:13-50
82            android:exported="false"
82-->src\main\AndroidManifest.xml:71:13-37
83            android:parentActivityName="com.mobdeve.s15.reyes.janicamegan.clospace.MainActivity" />
83-->src\main\AndroidManifest.xml:72:13-55
84
85        <!-- Secondary Pages -->
86        <activity
86-->src\main\AndroidManifest.xml:75:9-78:58
87            android:name="com.mobdeve.s15.reyes.janicamegan.clospace.AboutActivity"
87-->src\main\AndroidManifest.xml:76:13-42
88            android:exported="false"
88-->src\main\AndroidManifest.xml:77:13-37
89            android:parentActivityName="com.mobdeve.s15.reyes.janicamegan.clospace.MainActivity" />
89-->src\main\AndroidManifest.xml:78:13-55
90        <activity
90-->src\main\AndroidManifest.xml:80:9-83:58
91            android:name="com.mobdeve.s15.reyes.janicamegan.clospace.SupportActivity"
91-->src\main\AndroidManifest.xml:81:13-44
92            android:exported="false"
92-->src\main\AndroidManifest.xml:82:13-37
93            android:parentActivityName="com.mobdeve.s15.reyes.janicamegan.clospace.MainActivity" />
93-->src\main\AndroidManifest.xml:83:13-55
94
95        <provider
95-->INJECTED
96            android:name="androidx.core.content.FileProvider"
96-->src\main\AndroidManifest.xml:86:13-62
97            android:authorities="com.mobdeve.s15.reyes.janicamegan.clospace.fileprovider"
97-->INJECTED
98            android:exported="false"
98-->src\main\AndroidManifest.xml:88:13-37
99            android:grantUriPermissions="true" >
99-->src\main\AndroidManifest.xml:89:13-47
100            <meta-data
100-->src\main\AndroidManifest.xml:91:13-93:54
101                android:name="android.support.FILE_PROVIDER_PATHS"
101-->src\main\AndroidManifest.xml:92:17-67
102                android:resource="@xml/file_paths" />
102-->src\main\AndroidManifest.xml:93:17-51
103        </provider>
104
105        <service
105-->[com.google.android.gms:play-services-mlkit-subject-segmentation:16.0.0-beta1] AndroidManifest.xml:8:9-14:19
106            android:name="com.google.mlkit.common.internal.MlKitComponentDiscoveryService"
106-->[com.google.android.gms:play-services-mlkit-subject-segmentation:16.0.0-beta1] AndroidManifest.xml:9:13-91
107            android:directBootAware="true"
107-->[com.google.mlkit:common:18.11.0] AndroidManifest.xml:17:13-43
108            android:exported="false" >
108-->[com.google.android.gms:play-services-mlkit-subject-segmentation:16.0.0-beta1] AndroidManifest.xml:10:13-37
109            <meta-data
109-->[com.google.android.gms:play-services-mlkit-subject-segmentation:16.0.0-beta1] AndroidManifest.xml:11:13-13:85
110                android:name="com.google.firebase.components:com.google.mlkit.vision.segmentation.subject.internal.SubjectSegmentationRegistrar"
110-->[com.google.android.gms:play-services-mlkit-subject-segmentation:16.0.0-beta1] AndroidManifest.xml:12:17-145
111                android:value="com.google.firebase.components.ComponentRegistrar" />
111-->[com.google.android.gms:play-services-mlkit-subject-segmentation:16.0.0-beta1] AndroidManifest.xml:13:17-82
112            <meta-data
112-->[com.google.mlkit:image-labeling:17.0.9] AndroidManifest.xml:11:13-13:85
113                android:name="com.google.firebase.components:com.google.mlkit.vision.label.defaults.internal.BundledLabelRegistrar"
113-->[com.google.mlkit:image-labeling:17.0.9] AndroidManifest.xml:12:17-132
114                android:value="com.google.firebase.components.ComponentRegistrar" />
114-->[com.google.mlkit:image-labeling:17.0.9] AndroidManifest.xml:13:17-82
115            <meta-data
115-->[com.google.mlkit:vision-internal-vkp:18.2.3] AndroidManifest.xml:14:13-16:85
116                android:name="com.google.firebase.components:com.google.mlkit.vision.vkp.VkpRegistrar"
116-->[com.google.mlkit:vision-internal-vkp:18.2.3] AndroidManifest.xml:15:17-103
117                android:value="com.google.firebase.components.ComponentRegistrar" />
117-->[com.google.mlkit:vision-internal-vkp:18.2.3] AndroidManifest.xml:16:17-82
118            <meta-data
118-->[com.google.mlkit:vision-common:17.3.0] AndroidManifest.xml:12:13-14:85
119                android:name="com.google.firebase.components:com.google.mlkit.vision.common.internal.VisionCommonRegistrar"
119-->[com.google.mlkit:vision-common:17.3.0] AndroidManifest.xml:13:17-124
120                android:value="com.google.firebase.components.ComponentRegistrar" />
120-->[com.google.mlkit:vision-common:17.3.0] AndroidManifest.xml:14:17-82
121            <meta-data
121-->[com.google.mlkit:common:18.11.0] AndroidManifest.xml:20:13-22:85
122                android:name="com.google.firebase.components:com.google.mlkit.common.internal.CommonComponentRegistrar"
122-->[com.google.mlkit:common:18.11.0] AndroidManifest.xml:21:17-120
123                android:value="com.google.firebase.components.ComponentRegistrar" />
123-->[com.google.mlkit:common:18.11.0] AndroidManifest.xml:22:17-82
124        </service>
125
126        <provider
126-->[com.google.mlkit:common:18.11.0] AndroidManifest.xml:9:9-13:38
127            android:name="com.google.mlkit.common.internal.MlKitInitProvider"
127-->[com.google.mlkit:common:18.11.0] AndroidManifest.xml:10:13-78
128            android:authorities="com.mobdeve.s15.reyes.janicamegan.clospace.mlkitinitprovider"
128-->[com.google.mlkit:common:18.11.0] AndroidManifest.xml:11:13-69
129            android:exported="false"
129-->[com.google.mlkit:common:18.11.0] AndroidManifest.xml:12:13-37
130            android:initOrder="99" />
130-->[com.google.mlkit:common:18.11.0] AndroidManifest.xml:13:13-35
131        <provider
131-->[androidx.emoji2:emoji2:1.3.0] AndroidManifest.xml:24:9-32:20
132            android:name="androidx.startup.InitializationProvider"
132-->[androidx.emoji2:emoji2:1.3.0] AndroidManifest.xml:25:13-67
133            android:authorities="com.mobdeve.s15.reyes.janicamegan.clospace.androidx-startup"
133-->[androidx.emoji2:emoji2:1.3.0] AndroidManifest.xml:26:13-68
134            android:exported="false" >
134-->[androidx.emoji2:emoji2:1.3.0] AndroidManifest.xml:27:13-37
135            <meta-data
135-->[androidx.emoji2:emoji2:1.3.0] AndroidManifest.xml:29:13-31:52
136                android:name="androidx.emoji2.text.EmojiCompatInitializer"
136-->[androidx.emoji2:emoji2:1.3.0] AndroidManifest.xml:30:17-75
137                android:value="androidx.startup" />
137-->[androidx.emoji2:emoji2:1.3.0] AndroidManifest.xml:31:17-49
138            <meta-data
138-->[io.github.jan-tennert.supabase:storage-kt-android-debug:3.1.2] AndroidManifest.xml:14:13-16:52
139                android:name="io.github.jan.supabase.storage.SupabaseInitializer"
139-->[io.github.jan-tennert.supabase:storage-kt-android-debug:3.1.2] AndroidManifest.xml:15:17-82
140                android:value="androidx.startup" />
140-->[io.github.jan-tennert.supabase:storage-kt-android-debug:3.1.2] AndroidManifest.xml:16:17-49
141            <meta-data
141-->[io.github.jan-tennert.supabase:auth-kt-android-debug:3.1.2] AndroidManifest.xml:14:13-16:52
142                android:name="io.github.jan.supabase.auth.SupabaseInitializer"
142-->[io.github.jan-tennert.supabase:auth-kt-android-debug:3.1.2] AndroidManifest.xml:15:17-79
143                android:value="androidx.startup" />
143-->[io.github.jan-tennert.supabase:auth-kt-android-debug:3.1.2] AndroidManifest.xml:16:17-49
144            <meta-data
144-->[androidx.lifecycle:lifecycle-process:2.8.7] AndroidManifest.xml:29:13-31:52
145                android:name="androidx.lifecycle.ProcessLifecycleInitializer"
145-->[androidx.lifecycle:lifecycle-process:2.8.7] AndroidManifest.xml:30:17-78
146                android:value="androidx.startup" />
146-->[androidx.lifecycle:lifecycle-process:2.8.7] AndroidManifest.xml:31:17-49
147            <meta-data
147-->[com.russhwolf:multiplatform-settings-no-arg-android-debug:1.3.0] AndroidManifest.xml:29:13-31:52
148                android:name="com.russhwolf.settings.SettingsInitializer"
148-->[com.russhwolf:multiplatform-settings-no-arg-android-debug:1.3.0] AndroidManifest.xml:30:17-74
149                android:value="androidx.startup" />
149-->[com.russhwolf:multiplatform-settings-no-arg-android-debug:1.3.0] AndroidManifest.xml:31:17-49
150            <meta-data
150-->[androidx.profileinstaller:profileinstaller:1.4.0] AndroidManifest.xml:29:13-31:52
151                android:name="androidx.profileinstaller.ProfileInstallerInitializer"
151-->[androidx.profileinstaller:profileinstaller:1.4.0] AndroidManifest.xml:30:17-85
152                android:value="androidx.startup" />
152-->[androidx.profileinstaller:profileinstaller:1.4.0] AndroidManifest.xml:31:17-49
153        </provider>
154
155        <activity
155-->[com.google.android.gms:play-services-base:18.5.0] AndroidManifest.xml:5:9-173
156            android:name="com.google.android.gms.common.api.GoogleApiActivity"
156-->[com.google.android.gms:play-services-base:18.5.0] AndroidManifest.xml:5:19-85
157            android:exported="false"
157-->[com.google.android.gms:play-services-base:18.5.0] AndroidManifest.xml:5:146-170
158            android:theme="@android:style/Theme.Translucent.NoTitleBar" />
158-->[com.google.android.gms:play-services-base:18.5.0] AndroidManifest.xml:5:86-145
159
160        <meta-data
160-->[com.google.android.gms:play-services-basement:18.4.0] AndroidManifest.xml:6:9-122
161            android:name="com.google.android.gms.version"
161-->[com.google.android.gms:play-services-basement:18.4.0] AndroidManifest.xml:6:20-65
162            android:value="@integer/google_play_services_version" />
162-->[com.google.android.gms:play-services-basement:18.4.0] AndroidManifest.xml:6:66-119
163
164        <service
164-->[androidx.room:room-runtime-android:2.8.4] AndroidManifest.xml:24:9-28:63
165            android:name="androidx.room.MultiInstanceInvalidationService"
165-->[androidx.room:room-runtime-android:2.8.4] AndroidManifest.xml:25:13-74
166            android:directBootAware="true"
166-->[androidx.room:room-runtime-android:2.8.4] AndroidManifest.xml:26:13-43
167            android:exported="false" />
167-->[androidx.room:room-runtime-android:2.8.4] AndroidManifest.xml:27:13-37
168
169        <receiver
169-->[androidx.profileinstaller:profileinstaller:1.4.0] AndroidManifest.xml:34:9-52:20
170            android:name="androidx.profileinstaller.ProfileInstallReceiver"
170-->[androidx.profileinstaller:profileinstaller:1.4.0] AndroidManifest.xml:35:13-76
171            android:directBootAware="false"
171-->[androidx.profileinstaller:profileinstaller:1.4.0] AndroidManifest.xml:36:13-44
172            android:enabled="true"
172-->[androidx.profileinstaller:profileinstaller:1.4.0] AndroidManifest.xml:37:13-35
173            android:exported="true"
173-->[androidx.profileinstaller:profileinstaller:1.4.0] AndroidManifest.xml:38:13-36
174            android:permission="android.permission.DUMP" >
174-->[androidx.profileinstaller:profileinstaller:1.4.0] AndroidManifest.xml:39:13-57
175            <intent-filter>
175-->[androidx.profileinstaller:profileinstaller:1.4.0] AndroidManifest.xml:40:13-42:29
176                <action android:name="androidx.profileinstaller.action.INSTALL_PROFILE" />
176-->[androidx.profileinstaller:profileinstaller:1.4.0] AndroidManifest.xml:41:17-91
176-->[androidx.profileinstaller:profileinstaller:1.4.0] AndroidManifest.xml:41:25-88
177            </intent-filter>
178            <intent-filter>
178-->[androidx.profileinstaller:profileinstaller:1.4.0] AndroidManifest.xml:43:13-45:29
179                <action android:name="androidx.profileinstaller.action.SKIP_FILE" />
179-->[androidx.profileinstaller:profileinstaller:1.4.0] AndroidManifest.xml:44:17-85
179-->[androidx.profileinstaller:profileinstaller:1.4.0] AndroidManifest.xml:44:25-82
180            </intent-filter>
181            <intent-filter>
181-->[androidx.profileinstaller:profileinstaller:1.4.0] AndroidManifest.xml:46:13-48:29
182                <action android:name="androidx.profileinstaller.action.SAVE_PROFILE" />
182-->[androidx.profileinstaller:profileinstaller:1.4.0] AndroidManifest.xml:47:17-88
182-->[androidx.profileinstaller:profileinstaller:1.4.0] AndroidManifest.xml:47:25-85
183            </intent-filter>
184            <intent-filter>
184-->[androidx.profileinstaller:profileinstaller:1.4.0] AndroidManifest.xml:49:13-51:29
185                <action android:name="androidx.profileinstaller.action.BENCHMARK_OPERATION" />
185-->[androidx.profileinstaller:profileinstaller:1.4.0] AndroidManifest.xml:50:17-95
185-->[androidx.profileinstaller:profileinstaller:1.4.0] AndroidManifest.xml:50:25-92
186            </intent-filter>
187        </receiver>
188
189        <service
189-->[com.google.android.datatransport:transport-backend-cct:2.3.3] AndroidManifest.xml:29:9-35:19
190            android:name="com.google.android.datatransport.runtime.backends.TransportBackendDiscovery"
190-->[com.google.android.datatransport:transport-backend-cct:2.3.3] AndroidManifest.xml:30:13-103
191            android:exported="false" >
191-->[com.google.android.datatransport:transport-backend-cct:2.3.3] AndroidManifest.xml:31:13-37
192            <meta-data
192-->[com.google.android.datatransport:transport-backend-cct:2.3.3] AndroidManifest.xml:32:13-34:39
193                android:name="backend:com.google.android.datatransport.cct.CctBackendFactory"
193-->[com.google.android.datatransport:transport-backend-cct:2.3.3] AndroidManifest.xml:33:17-94
194                android:value="cct" />
194-->[com.google.android.datatransport:transport-backend-cct:2.3.3] AndroidManifest.xml:34:17-36
195        </service>
196        <service
196-->[com.google.android.datatransport:transport-runtime:2.2.6] AndroidManifest.xml:26:9-30:19
197            android:name="com.google.android.datatransport.runtime.scheduling.jobscheduling.JobInfoSchedulerService"
197-->[com.google.android.datatransport:transport-runtime:2.2.6] AndroidManifest.xml:27:13-117
198            android:exported="false"
198-->[com.google.android.datatransport:transport-runtime:2.2.6] AndroidManifest.xml:28:13-37
199            android:permission="android.permission.BIND_JOB_SERVICE" >
199-->[com.google.android.datatransport:transport-runtime:2.2.6] AndroidManifest.xml:29:13-69
200        </service>
201
202        <receiver
202-->[com.google.android.datatransport:transport-runtime:2.2.6] AndroidManifest.xml:32:9-34:40
203            android:name="com.google.android.datatransport.runtime.scheduling.jobscheduling.AlarmManagerSchedulerBroadcastReceiver"
203-->[com.google.android.datatransport:transport-runtime:2.2.6] AndroidManifest.xml:33:13-132
204            android:exported="false" />
204-->[com.google.android.datatransport:transport-runtime:2.2.6] AndroidManifest.xml:34:13-37
205    </application>
206
207</manifest>